#0 building with "desktop-linux" instance using docker driver

#1 [internal] load build definition from Dockerfile
#1 transferring dockerfile: 430B done
#1 DONE 0.0s

#2 [internal] load metadata for public.ecr.aws/lambda/python:3.11
#2 DONE 1.8s

#3 [internal] load .dockerignore
#3 transferring context: 2B 0.0s done
#3 DONE 0.0s

#4 [1/5] FROM public.ecr.aws/lambda/python:3.11@sha256:07df8bfd60ac91ccc113e0b62dc2d5cd6723627de7c31d0fda0455ac6e753b6f
#4 resolve public.ecr.aws/lambda/python:3.11@sha256:07df8bfd60ac91ccc113e0b62dc2d5cd6723627de7c31d0fda0455ac6e753b6f 0.0s done
#4 sha256:be4089d3989bcf7af85973e08e56898fa517e1ebbe768f313067d61b135fd417 15.36kB / 15.36kB 0.2s done
#4 sha256:5e2f1ae363626653b9725f60f931deb4e2b8cf34323753aeee7b5430839427ae 0B / 133.14MB 0.2s
#4 sha256:cf3f8ccf59bb8a5521b534e49ed2704708ee64e1e932f781f054797204e9d4ef 0B / 2.96MB 0.2s
#4 sha256:5c20d575b42b4ee51551379212670629154b93689d42dd617d53ebfd33cc640e 0B / 417B 0.2s
#4 sha256:56dc8c16304c551bcfbc5651d3bc53cdc5aeb6f8c6c7a9747570b99807f2856c 0B / 88.12kB 0.2s
#4 sha256:5c20d575b42b4ee51551379212670629154b93689d42dd617d53ebfd33cc640e 417B / 417B 0.5s done
#4 sha256:56dc8c16304c551bcfbc5651d3bc53cdc5aeb6f8c6c7a9747570b99807f2856c 88.12kB / 88.12kB 0.5s done
#4 sha256:5e2f1ae363626653b9725f60f931deb4e2b8cf34323753aeee7b5430839427ae 11.53MB / 133.14MB 0.8s
#4 sha256:cdbb3ad0dd797aeb9e8a318b829813934d9c0c590bfafc165f51bfff86e28f00 0B / 105.25MB 0.2s
#4 sha256:cf3f8ccf59bb8a5521b534e49ed2704708ee64e1e932f781f054797204e9d4ef 1.05MB / 2.96MB 1.1s
#4 sha256:5e2f1ae363626653b9725f60f931deb4e2b8cf34323753aeee7b5430839427ae 26.21MB / 133.14MB 1.2s
#4 sha256:cf3f8ccf59bb8a5521b534e49ed2704708ee64e1e932f781f054797204e9d4ef 2.10MB / 2.96MB 1.2s
#4 sha256:5e2f1ae363626653b9725f60f931deb4e2b8cf34323753aeee7b5430839427ae 33.25MB / 133.14MB 1.4s
#4 sha256:cf3f8ccf59bb8a5521b534e49ed2704708ee64e1e932f781f054797204e9d4ef 2.96MB / 2.96MB 1.3s done
#4 sha256:5e2f1ae363626653b9725f60f931deb4e2b8cf34323753aeee7b5430839427ae 41.94MB / 133.14MB 1.5s
#4 sha256:5e2f1ae363626653b9725f60f931deb4e2b8cf34323753aeee7b5430839427ae 50.33MB / 133.14MB 1.7s
#4 sha256:5e2f1ae363626653b9725f60f931deb4e2b8cf34323753aeee7b5430839427ae 57.67MB / 133.14MB 1.8s
#4 sha256:5e2f1ae363626653b9725f60f931deb4e2b8cf34323753aeee7b5430839427ae 66.06MB / 133.14MB 2.3s
#4 sha256:5e2f1ae363626653b9725f60f931deb4e2b8cf34323753aeee7b5430839427ae 75.50MB / 133.14MB 2.6s
#4 sha256:5e2f1ae363626653b9725f60f931deb4e2b8cf34323753aeee7b5430839427ae 82.84MB / 133.14MB 2.9s
#4 sha256:5e2f1ae363626653b9725f60f931deb4e2b8cf34323753aeee7b5430839427ae 92.27MB / 133.14MB 3.3s
#4 sha256:5e2f1ae363626653b9725f60f931deb4e2b8cf34323753aeee7b5430839427ae 100.66MB / 133.14MB 3.8s
#4 sha256:5e2f1ae363626653b9725f60f931deb4e2b8cf34323753aeee7b5430839427ae 108.00MB / 133.14MB 4.1s
#4 sha256:cdbb3ad0dd797aeb9e8a318b829813934d9c0c590bfafc165f51bfff86e28f00 6.29MB / 105.25MB 3.8s
#4 sha256:5e2f1ae363626653b9725f60f931deb4e2b8cf34323753aeee7b5430839427ae 117.44MB / 133.14MB 4.7s
#4 sha256:5e2f1ae363626653b9725f60f931deb4e2b8cf34323753aeee7b5430839427ae 126.88MB / 133.14MB 5.0s
#4 sha256:5e2f1ae363626653b9725f60f931deb4e2b8cf34323753aeee7b5430839427ae 133.14MB / 133.14MB 5.4s done
#4 sha256:cdbb3ad0dd797aeb9e8a318b829813934d9c0c590bfafc165f51bfff86e28f00 12.58MB / 105.25MB 5.1s
#4 sha256:cdbb3ad0dd797aeb9e8a318b829813934d9c0c590bfafc165f51bfff86e28f00 18.87MB / 105.25MB 5.7s
#4 sha256:cdbb3ad0dd797aeb9e8a318b829813934d9c0c590bfafc165f51bfff86e28f00 31.46MB / 105.25MB 6.3s
#4 sha256:cdbb3ad0dd797aeb9e8a318b829813934d9c0c590bfafc165f51bfff86e28f00 39.85MB / 105.25MB 6.8s
#4 sha256:cdbb3ad0dd797aeb9e8a318b829813934d9c0c590bfafc165f51bfff86e28f00 53.48MB / 105.25MB 7.2s
#4 sha256:cdbb3ad0dd797aeb9e8a318b829813934d9c0c590bfafc165f51bfff86e28f00 59.78MB / 105.25MB 7.5s
#4 sha256:cdbb3ad0dd797aeb9e8a318b829813934d9c0c590bfafc165f51bfff86e28f00 66.07MB / 105.25MB 7.7s
#4 sha256:cdbb3ad0dd797aeb9e8a318b829813934d9c0c590bfafc165f51bfff86e28f00 78.64MB / 105.25MB 8.1s
#4 sha256:cdbb3ad0dd797aeb9e8a318b829813934d9c0c590bfafc165f51bfff86e28f00 87.03MB / 105.25MB 8.3s
#4 sha256:cdbb3ad0dd797aeb9e8a318b829813934d9c0c590bfafc165f51bfff86e28f00 95.42MB / 105.25MB 8.6s
#4 sha256:cdbb3ad0dd797aeb9e8a318b829813934d9c0c590bfafc165f51bfff86e28f00 101.71MB / 105.25MB 8.9s
#4 ...

#5 [internal] load build context
#5 transferring context: 1.32GB 10.0s
#5 ...

#4 [1/5] FROM public.ecr.aws/lambda/python:3.11@sha256:07df8bfd60ac91ccc113e0b62dc2d5cd6723627de7c31d0fda0455ac6e753b6f
#4 sha256:cdbb3ad0dd797aeb9e8a318b829813934d9c0c590bfafc165f51bfff86e28f00 105.25MB / 105.25MB 9.4s done
#4 extracting sha256:cdbb3ad0dd797aeb9e8a318b829813934d9c0c590bfafc165f51bfff86e28f00
#4 extracting sha256:cdbb3ad0dd797aeb9e8a318b829813934d9c0c590bfafc165f51bfff86e28f00 3.7s done
#4 DONE 13.8s

#5 [internal] load build context
#5 ...

#4 [1/5] FROM public.ecr.aws/lambda/python:3.11@sha256:07df8bfd60ac91ccc113e0b62dc2d5cd6723627de7c31d0fda0455ac6e753b6f
#4 extracting sha256:56dc8c16304c551bcfbc5651d3bc53cdc5aeb6f8c6c7a9747570b99807f2856c 0.0s done
#4 extracting sha256:5c20d575b42b4ee51551379212670629154b93689d42dd617d53ebfd33cc640e 0.0s done
#4 extracting sha256:cf3f8ccf59bb8a5521b534e49ed2704708ee64e1e932f781f054797204e9d4ef 0.1s done
#4 DONE 13.9s

#5 [internal] load build context
#5 transferring context: 2.02GB 15.0s
#5 ...

#4 [1/5] FROM public.ecr.aws/lambda/python:3.11@sha256:07df8bfd60ac91ccc113e0b62dc2d5cd6723627de7c31d0fda0455ac6e753b6f
#4 extracting sha256:5e2f1ae363626653b9725f60f931deb4e2b8cf34323753aeee7b5430839427ae 5.6s done
#4 DONE 19.6s

#5 [internal] load build context
#5 ...

#4 [1/5] FROM public.ecr.aws/lambda/python:3.11@sha256:07df8bfd60ac91ccc113e0b62dc2d5cd6723627de7c31d0fda0455ac6e753b6f
#4 extracting sha256:be4089d3989bcf7af85973e08e56898fa517e1ebbe768f313067d61b135fd417 0.1s done
#4 DONE 19.6s

#5 [internal] load build context
#5 transferring context: 2.55GB 20.2s
#5 ...

#6 [2/5] WORKDIR /var/task
#6 DONE 1.2s

#5 [internal] load build context
#5 transferring context: 3.07GB 25.2s
#5 transferring context: 3.54GB 30.2s
#5 transferring context: 4.24GB 35.4s
#5 transferring context: 4.89GB 40.4s
#5 transferring context: 5.32GB 45.4s
#5 transferring context: 5.68GB 50.4s
#5 transferring context: 6.10GB 55.5s
#5 transferring context: 6.52GB 58.7s done
#5 DONE 58.9s

#7 [3/5] COPY requirements.txt /tmp/requirements.txt
#7 ERROR: failed to calculate checksum of ref 9f86w7vxtddnmb0428pnfdytz::wtn0pf38omidhc5glgw8cz40w: "/requirements.txt": not found
------
 > [3/5] COPY requirements.txt /tmp/requirements.txt:
------
Dockerfile:6
--------------------
   4 |     
   5 |     # copy requirements first for better layer cache
   6 | >>> COPY requirements.txt /tmp/requirements.txt
   7 |     RUN pip install --no-cache-dir -r /tmp/requirements.txt
   8 |     
--------------------
ERROR: failed to solve: failed to compute cache key: failed to calculate checksum of ref 9f86w7vxtddnmb0428pnfdytz::wtn0pf38omidhc5glgw8cz40w: "/requirements.txt": not found

View build details: docker-desktop://dashboard/build/desktop-linux/desktop-linux/u030zlzp56hpruqlma9218ivw
